This is pdfTeX, Version 3.14159265-2.6-1.40.20 (TeX Live 2019/Debian) (preloaded format=pdftex 2020.10.2)  14 APR 2021 07:05
entering extended mode
 restricted \write18 enabled.
 %&-line parsing enabled.
**lista_gd.tex -interaction=nonstopmode
(./lista_gd.tex
! Undefined control sequence.
l.1 \begin
          {itemize}
? 
! Interruption.
<to be read again> 
                   {
l.1 \begin{
           itemize}
? 
! Undefined control sequence.
l.2 \tightlist
              
? 
! Interruption.
l.3 
    \item
? 
! Undefined control sequence.
<argument> \href 
                 \enspace 
\llap #1->\hbox to\z@ {\hss #1
                              }
\textindent #1->\indent \llap {#1\enspace }
                                           \ignorespaces 
l.4   \href
           {/blog}{blog}
? 
! Undefined control sequence.
<argument> \href 
                 \enspace 
\llap #1->\hbox to\z@ {\hss #1
                              }
\textindent #1->\indent \llap {#1\enspace }
                                           \ignorespaces 
l.6   \href
           {/exercicios}{exercicios}
? 
! Undefined control sequence.
<argument> \href 
                 \enspace 
\llap #1->\hbox to\z@ {\hss #1
                              }
\textindent #1->\indent \llap {#1\enspace }
                                           \ignorespaces 
l.8   \href
           {/}{sobre}
? 
[1{/var/lib/texmf/fonts/map/pdftex/updmap/pdftex.map}] )</usr/share/texlive/tex
mf-dist/fonts/type1/public/amsfonts/cm/cmr10.pfb>
Output written on lista_gd.pdf (1 page, 13185 bytes).
PDF statistics:
 12 PDF objects out of 1000 (max. 8388607)
 7 compressed objects within 1 object stream
 0 named destinations out of 1000 (max. 500000)
 1 words of extra memory for PDF output out of 10000 (max. 10000000)

